<?xml version="1.0" encoding="UTF-8"?>
<!-- Generated by org.testng.reporters.JUnitXMLReporter -->
<testsuite hostname="Rajats-MacBook-Air.local" ignored="0" name="testBB" tests="2" failures="0" timestamp="2020-08-05T17:57:49 EDT" time="0.041" errors="0">
  <testcase name="@BeforeMethod init" time="0.001" classname="suiteB.testBB">
    <failure type="java.lang.NullPointerException">
      <![CDATA[java.lang.NullPointerException
at com.aventstack.extentreports.ReportObservable.lambda$0(ReportObservable.java:225)
at java.util.ArrayList.forEach(ArrayList.java:1257)
at com.aventstack.extentreports.ReportObservable.saveTest(ReportObservable.java:225)
at com.aventstack.extentreports.ExtentReports.createTest(ExtentReports.java:248)
at com.aventstack.extentreports.ExtentReports.createTest(ExtentReports.java:261)
at suiteB.testBB.init(testBB.java:20)
at java.util.ArrayList.forEach(ArrayList.java:1257)
at java.util.concurrent.FutureTask.run(FutureTask.java:266)
at java.util.concurrent.ThreadPoolExecutor.runWorker(ThreadPoolExecutor.java:1149)
at java.util.concurrent.ThreadPoolExecutor$Worker.run(ThreadPoolExecutor.java:624)
at java.lang.Thread.run(Thread.java:748)
... Removed 22 stack frames]]>
    </failure>
  </testcase> <!-- @BeforeMethod init -->
  <testcase name="@AfterMethod quit" time="-1.59666466414E9" classname="suiteB.testBB">
    <skipped/>
  </testcase> <!-- @AfterMethod quit -->
  <testcase name="BtestB" time="0.0" classname="suiteB.testB">
    <skipped/>
  </testcase> <!-- BtestB -->
  <testcase name="BBtestBB" time="0.0" classname="suiteB.testBB">
    <skipped/>
  </testcase> <!-- BBtestBB -->
</testsuite> <!-- testBB -->
