<?xml version="1.0" encoding="UTF-8"?>
<!-- Generated by org.testng.reporters.JUnitXMLReporter -->
<testsuite hostname="Rajats-MacBook-Air.local" ignored="0" name="TestCC" tests="1" failures="0" timestamp="2020-08-05T17:54:19 EDT" time="0.009" errors="0">
  <testcase name="@BeforeMethod init" time="0.0" classname="suiteC.testCC">
    <failure type="java.lang.NullPointerException">
      <![CDATA[java.lang.NullPointerException
at com.aventstack.extentreports.ReportObservable.lambda$0(ReportObservable.java:225)
at java.util.ArrayList.forEach(ArrayList.java:1257)
at com.aventstack.extentreports.ReportObservable.saveTest(ReportObservable.java:225)
at com.aventstack.extentreports.ExtentReports.createTest(ExtentReports.java:248)
at com.aventstack.extentreports.ExtentReports.createTest(ExtentReports.java:261)
at suiteC.testCC.init(testCC.java:21)
at java.util.ArrayList.forEach(ArrayList.java:1257)
... Removed 32 stack frames]]>
    </failure>
  </testcase> <!-- @BeforeMethod init -->
  <testcase name="@AfterMethod quit" time="-1.596664454172E9" classname="suiteC.testCC">
    <skipped/>
  </testcase> <!-- @AfterMethod quit -->
  <testcase name="CtestCC" time="0.0" classname="suiteC.testCC">
    <skipped/>
  </testcase> <!-- CtestCC -->
</testsuite> <!-- TestCC -->
