<?xml version="1.0" encoding="UTF-8"?>
<testsuite xmlns:xsi="http://www.w3.org/2001/XMLSchema-instance" xsi:noNamespaceSchemaLocation="https://maven.apache.org/surefire/maven-surefire-plugin/xsd/surefire-test-report-3.0.xsd" version="3.0" name="TestSuite" time="6.551" tests="8" errors="0" skipped="0" failures="0">
  <properties>
[...]
</properties>
  <testcase name="CtestC" classname="suiteC.testC" time="0.008">
    <system-out><![CDATA[[TestNG] [WARN] Ignoring duplicate listener : Listeners.listener
[TestNG] [WARN] Ignoring duplicate listener : Listeners.listener
Test Started is CtestC
Test Started is AtestA
Test Started is BtestB
RajatINDIA248421
]]></system-out>
  </testcase>
  <testcase name="BtestB" classname="suiteB.testB" time="0.009">
    <system-out><![CDATA[CtestC Passed
]]></system-out>
  </testcase>
  <testcase name="AtestA[Rajat, INDIA, 248421](1)" classname="suiteA.testA" time="0.009">
    <system-out><![CDATA[BtestB Passed
]]></system-out>
  </testcase>
  <testcase name="AtestA[SHIVANI, US, 248420](2)" classname="suiteA.testA" time="0.002">
    <system-out><![CDATA[AtestA Passed
Test Started is AtestA
SHIVANIUS248420
]]></system-out>
  </testcase>
  <testcase name="AtestA[USHA, INDIA, 64611](3)" classname="suiteA.testA" time="0.008">
    <system-out><![CDATA[AtestA Passed
Test Started is AtestA
USHAINDIA64611
]]></system-out>
  </testcase>
  <testcase name="BBtestBB" classname="suiteB.testBB" time="0">
    <system-out><![CDATA[AtestA Passed
Test Started is BBtestBB
]]></system-out>
  </testcase>
  <testcase name="CtestCC" classname="suiteC.testCC" time="0.002">
    <system-out><![CDATA[BBtestBB Passed
Test Started is CtestCC
]]></system-out>
  </testcase>
  <testcase name="AAtestAA" classname="suiteA.testAA" time="0.001">
    <system-out><![CDATA[CtestCC Passed
Test Started is AAtestAA
]]></system-out>
  </testcase>
</testsuite>