<?xml version="1.0" encoding="UTF-8"?>
<testng-results ignored="0" total="5" passed="5" failed="0" skipped="0">
  <reporter-output>
  </reporter-output>
  <suite started-at="2020-08-05T18:01:06 EDT" name="Suite" finished-at="2020-08-05T18:01:07 EDT" duration-ms="1108">
    <groups>
    </groups>
    <test started-at="2020-08-05T18:01:06 EDT" name="testA" finished-at="2020-08-05T18:01:07 EDT" duration-ms="1108">
      <class name="suiteA.testA">
        <test-method is-config="true" signature="init()[pri:0, instance:suiteA.testA@17776a8]" started-at="2020-08-05T18:01:06 EDT" name="init" finished-at="2020-08-05T18:01:07 EDT" duration-ms="301" status="PASS">
          <reporter-output>
          </reporter-output>
        </test-method> <!-- init -->
        <test-method signature="AtestA()[pri:0, instance:suiteA.testA@17776a8]" started-at="2020-08-05T18:01:07 EDT" name="AtestA" finished-at="2020-08-05T18:01:07 EDT" duration-ms="6" status="PASS">
          <reporter-output>
          </reporter-output>
        </test-method> <!-- AtestA -->
        <test-method is-config="true" signature="quit()[pri:0, instance:suiteA.testA@17776a8]" started-at="2020-08-05T18:01:07 EDT" name="quit" finished-at="2020-08-05T18:01:07 EDT" duration-ms="739" status="PASS">
          <reporter-output>
          </reporter-output>
        </test-method> <!-- quit -->
      </class> <!-- suiteA.testA -->
    </test> <!-- testA -->
  </suite> <!-- Suite -->
  <suite started-at="2020-08-05T18:01:06 EDT" name="Suite C" finished-at="2020-08-05T18:01:12 EDT" duration-ms="6236">
    <groups>
    </groups>
    <test started-at="2020-08-05T18:01:06 EDT" name="testC" finished-at="2020-08-05T18:01:07 EDT" duration-ms="1157">
      <class name="suiteC.testC">
        <test-method is-config="true" signature="init()[pri:0, instance:suiteC.testC@62bd765]" started-at="2020-08-05T18:01:06 EDT" name="init" finished-at="2020-08-05T18:01:07 EDT" duration-ms="301" status="PASS">
          <reporter-output>
          </reporter-output>
        </test-method> <!-- init -->
        <test-method signature="CtestC()[pri:0, instance:suiteC.testC@62bd765]" started-at="2020-08-05T18:01:07 EDT" name="CtestC" finished-at="2020-08-05T18:01:07 EDT" duration-ms="6" status="PASS">
          <reporter-output>
          </reporter-output>
        </test-method> <!-- CtestC -->
        <test-method is-config="true" signature="quit()[pri:0, instance:suiteC.testC@62bd765]" started-at="2020-08-05T18:01:07 EDT" name="quit" finished-at="2020-08-05T18:01:07 EDT" duration-ms="781" status="PASS">
          <reporter-output>
          </reporter-output>
        </test-method> <!-- quit -->
      </class> <!-- suiteC.testC -->
    </test> <!-- testC -->
    <test started-at="2020-08-05T18:01:12 EDT" name="CCtest" finished-at="2020-08-05T18:01:12 EDT" duration-ms="66">
      <class name="suiteC.testCC">
        <test-method is-config="true" signature="init()[pri:0, instance:suiteC.testCC@ba8d91c]" started-at="2020-08-05T18:01:12 EDT" name="init" finished-at="2020-08-05T18:01:12 EDT" duration-ms="1" status="PASS">
          <reporter-output>
          </reporter-output>
        </test-method> <!-- init -->
        <test-method signature="CtestCC()[pri:0, instance:suiteC.testCC@ba8d91c]" started-at="2020-08-05T18:01:12 EDT" name="CtestCC" finished-at="2020-08-05T18:01:12 EDT" duration-ms="0" status="PASS">
          <reporter-output>
          </reporter-output>
        </test-method> <!-- CtestCC -->
        <test-method is-config="true" signature="quit()[pri:0, instance:suiteC.testCC@ba8d91c]" started-at="2020-08-05T18:01:12 EDT" name="quit" finished-at="2020-08-05T18:01:12 EDT" duration-ms="63" status="PASS">
          <reporter-output>
          </reporter-output>
        </test-method> <!-- quit -->
      </class> <!-- suiteC.testCC -->
    </test> <!-- CCtest -->
  </suite> <!-- Suite C -->
  <suite started-at="2020-08-05T18:01:06 EDT" name="SuiteB" finished-at="2020-08-05T18:01:07 EDT" duration-ms="1133">
    <groups>
    </groups>
    <test started-at="2020-08-05T18:01:06 EDT" name="testB" finished-at="2020-08-05T18:01:07 EDT" duration-ms="1036">
      <class name="suiteB.testB">
        <test-method is-config="true" signature="init()[pri:0, instance:suiteB.testB@27c6e487]" started-at="2020-08-05T18:01:06 EDT" name="init" finished-at="2020-08-05T18:01:07 EDT" duration-ms="301" status="PASS">
          <reporter-output>
          </reporter-output>
        </test-method> <!-- init -->
        <test-method signature="BtestB()[pri:0, instance:suiteB.testB@27c6e487]" started-at="2020-08-05T18:01:07 EDT" name="BtestB" finished-at="2020-08-05T18:01:07 EDT" duration-ms="6" status="PASS">
          <reporter-output>
          </reporter-output>
        </test-method> <!-- BtestB -->
        <test-method is-config="true" signature="quit()[pri:0, instance:suiteB.testB@27c6e487]" started-at="2020-08-05T18:01:07 EDT" name="quit" finished-at="2020-08-05T18:01:07 EDT" duration-ms="667" status="PASS">
          <reporter-output>
          </reporter-output>
        </test-method> <!-- quit -->
      </class> <!-- suiteB.testB -->
    </test> <!-- testB -->
    <test started-at="2020-08-05T18:01:06 EDT" name="testBB" finished-at="2020-08-05T18:01:07 EDT" duration-ms="1118">
      <class name="suiteB.testBB">
        <test-method is-config="true" signature="init()[pri:0, instance:suiteB.testBB@473b46c3]" started-at="2020-08-05T18:01:06 EDT" name="init" finished-at="2020-08-05T18:01:07 EDT" duration-ms="301" status="PASS">
          <reporter-output>
          </reporter-output>
        </test-method> <!-- init -->
        <test-method signature="BBtestBB()[pri:0, instance:suiteB.testBB@473b46c3]" started-at="2020-08-05T18:01:07 EDT" name="BBtestBB" finished-at="2020-08-05T18:01:07 EDT" duration-ms="6" status="PASS">
          <reporter-output>
          </reporter-output>
        </test-method> <!-- BBtestBB -->
        <test-method is-config="true" signature="quit()[pri:0, instance:suiteB.testBB@473b46c3]" started-at="2020-08-05T18:01:07 EDT" name="quit" finished-at="2020-08-05T18:01:07 EDT" duration-ms="765" status="PASS">
          <reporter-output>
          </reporter-output>
        </test-method> <!-- quit -->
      </class> <!-- suiteB.testBB -->
    </test> <!-- testBB -->
  </suite> <!-- SuiteB -->
</testng-results>
