<?xml version="1.0" encoding="UTF-8"?>
<!-- Generated by org.testng.reporters.JUnitXMLReporter -->
<testsuite hostname="Rajats-MacBook-Air.local" ignored="0" name="TestAA" tests="2" failures="0" timestamp="2020-08-05T17:53:43 EDT" time="0.225" errors="0">
  <testcase name="@BeforeMethod init" time="0.148" classname="suiteA.testAA">
    <failure type="java.lang.NullPointerException">
      <![CDATA[java.lang.NullPointerException
at com.aventstack.extentreports.ReportObservable.lambda$0(ReportObservable.java:225)
at java.util.ArrayList.forEach(ArrayList.java:1257)
at com.aventstack.extentreports.ReportObservable.saveTest(ReportObservable.java:225)
at com.aventstack.extentreports.ExtentReports.createTest(ExtentReports.java:248)
at com.aventstack.extentreports.ExtentReports.createTest(ExtentReports.java:261)
at suiteA.testAA.init(testAA.java:21)
at java.util.ArrayList.forEach(ArrayList.java:1257)
at java.util.concurrent.FutureTask.run(FutureTask.java:266)
at java.util.concurrent.ThreadPoolExecutor.runWorker(ThreadPoolExecutor.java:1149)
at java.util.concurrent.ThreadPoolExecutor$Worker.run(ThreadPoolExecutor.java:624)
at java.lang.Thread.run(Thread.java:748)
... Removed 22 stack frames]]>
    </failure>
  </testcase> <!-- @BeforeMethod init -->
  <testcase name="@AfterMethod quit" time="-1.596664418967E9" classname="suiteA.testAA">
    <skipped/>
  </testcase> <!-- @AfterMethod quit -->
  <testcase name="AAtestAA" time="0.0" classname="suiteA.testAA">
    <skipped/>
  </testcase> <!-- AAtestAA -->
  <testcase name="AtestA" time="0.0" classname="suiteA.testA">
    <skipped/>
  </testcase> <!-- AtestA -->
</testsuite> <!-- TestAA -->
